<?xml version="1.0" encoding="UTF-8"?>
<testsuite xmlns:xsi="http://www.w3.org/2001/XMLSchema-instance" xsi:noNamespaceSchemaLocation="https://maven.apache.org/surefire/maven-surefire-plugin/xsd/surefire-test-report-3.0.xsd" version="3.0" name="com.example.UserService.UserServiceApplicationTests" time="13.08" tests="1" errors="0" skipped="0" failures="0">
  <properties>
[...]
</properties>
  <testcase name="contextLoads" classname="com.example.UserService.UserServiceApplicationTests" time="0.688">
    <system-out><![CDATA[20:11:03.625 [main] INFO org.springframework.test.context.support.AnnotationConfigContextLoaderUtils -- Could not detect default configuration classes for test class [com.example.UserService.UserServiceApplicationTests]: UserServiceApplicationTests does not declare any static, non-private, non-final, nested classes annotated with @Configuration.
20:11:03.813 [main] INFO org.springframework.boot.test.context.SpringBootTestContextBootstrapper -- Found @SpringBootConfiguration com.example.UserService.UserServiceApplication for test class com.example.UserService.UserServiceApplicationTests

  .   ____          _            __ _ _
 /\\ / ___'_ __ _ _(_)_ __  __ _ \ \ \ \
( ( )\___ | '_ | '_| | '_ \/ _` | \ \ \ \
 \\/  ___)| |_)| | | | | || (_| |  ) ) ) )
  '  |____| .__|_| |_|_| |_\__, | / / / /
 =========|_|==============|___/=/_/_/_/

 :: Spring Boot ::                (v3.3.4)

2024-10-21T20:11:05.728+05:30  INFO 7052 --- [UserService] [           main] c.e.U.UserServiceApplicationTests        : Starting UserServiceApplicationTests using Java 17.0.11 with PID 7052 (started by srava in C:\Users\srava\Desktop\backend\PROJECT\UserService\UserService)
2024-10-21T20:11:05.739+05:30  INFO 7052 --- [UserService] [           main] c.e.U.UserServiceApplicationTests        : No active profile set, falling back to 1 default profile: "default"
2024-10-21T20:11:06.848+05:30  INFO 7052 --- [UserService] [           main] .s.d.r.c.RepositoryConfigurationDelegate : Bootstrapping Spring Data JPA repositories in DEFAULT mode.
2024-10-21T20:11:07.051+05:30  INFO 7052 --- [UserService] [           main] .s.d.r.c.RepositoryConfigurationDelegate : Finished Spring Data repository scanning in 194 ms. Found 1 JPA repository interface.
2024-10-21T20:11:07.567+05:30  INFO 7052 --- [UserService] [           main] o.s.cloud.context.scope.GenericScope     : BeanFactory id=978f628c-3c67-3bda-b952-c29543c3516b
2024-10-21T20:11:07.801+05:30  WARN 7052 --- [UserService] [           main] trationDelegate$BeanPostProcessorChecker : Bean 'org.springframework.cloud.client.loadbalancer.LoadBalancerAutoConfiguration$DeferringLoadBalancerInterceptorConfig' of type [org.springframework.cloud.client.loadbalancer.LoadBalancerAutoConfiguration$DeferringLoadBalancerInterceptorConfig] is not eligible for getting processed by all BeanPostProcessors (for example: not eligible for auto-proxying). The currently created BeanPostProcessor [lbRestClientPostProcessor] is declared through a non-static factory method on that class; consider declaring it as static instead.
2024-10-21T20:11:07.817+05:30  WARN 7052 --- [UserService] [           main] trationDelegate$BeanPostProcessorChecker : Bean 'deferringLoadBalancerInterceptor' of type [org.springframework.cloud.client.loadbalancer.DeferringLoadBalancerInterceptor] is not eligible for getting processed by all BeanPostProcessors (for example: not eligible for auto-proxying). Is this bean getting eagerly injected into a currently created BeanPostProcessor [lbRestClientPostProcessor]? Check the corresponding BeanPostProcessor declaration and its dependencies.
2024-10-21T20:11:08.082+05:30  INFO 7052 --- [UserService] [           main] o.hibernate.jpa.internal.util.LogHelper  : HHH000204: Processing PersistenceUnitInfo [name: default]
2024-10-21T20:11:08.223+05:30  INFO 7052 --- [UserService] [           main] org.hibernate.Version                    : HHH000412: Hibernate ORM core version 6.5.3.Final
2024-10-21T20:11:08.301+05:30  INFO 7052 --- [UserService] [           main] o.h.c.internal.RegionFactoryInitiator    : HHH000026: Second-level cache disabled
2024-10-21T20:11:08.973+05:30  INFO 7052 --- [UserService] [           main] o.s.o.j.p.SpringPersistenceUnitInfo      : No LoadTimeWeaver setup: ignoring JPA class transformer
2024-10-21T20:11:09.051+05:30  INFO 7052 --- [UserService] [           main] com.zaxxer.hikari.HikariDataSource       : HikariPool-1 - Starting...
2024-10-21T20:11:09.473+05:30  INFO 7052 --- [UserService] [           main] com.zaxxer.hikari.pool.HikariPool        : HikariPool-1 - Added connection com.mysql.cj.jdbc.ConnectionImpl@1b317e7d
2024-10-21T20:11:09.473+05:30  INFO 7052 --- [UserService] [           main] com.zaxxer.hikari.HikariDataSource       : HikariPool-1 - Start completed.
2024-10-21T20:11:10.686+05:30  INFO 7052 --- [UserService] [           main] o.h.e.t.j.p.i.JtaPlatformInitiator       : HHH000489: No JTA platform available (set 'hibernate.transaction.jta.platform' to enable JTA platform integration)
2024-10-21T20:11:10.733+05:30  INFO 7052 --- [UserService] [           main] j.LocalContainerEntityManagerFactoryBean : Initialized JPA EntityManagerFactory for persistence unit 'default'
2024-10-21T20:11:11.420+05:30  WARN 7052 --- [UserService] [           main] JpaBaseConfiguration$JpaWebConfiguration : spring.jpa.open-in-view is enabled by default. Therefore, database queries may be performed during view rendering. Explicitly configure spring.jpa.open-in-view to disable this warning
2024-10-21T20:11:13.532+05:30  INFO 7052 --- [UserService] [           main] o.s.cloud.commons.util.InetUtils         : Cannot determine local hostname
2024-10-21T20:11:14.814+05:30  INFO 7052 --- [UserService] [           main] o.s.cloud.commons.util.InetUtils         : Cannot determine local hostname
2024-10-21T20:11:14.860+05:30  INFO 7052 --- [UserService] [           main] DiscoveryClientOptionalArgsConfiguration : Eureka HTTP Client uses RestTemplate.
2024-10-21T20:11:14.970+05:30  WARN 7052 --- [UserService] [           main] iguration$LoadBalancerCaffeineWarnLogger : Spring Cloud LoadBalancer is currently working with the default cache. While this cache implementation is useful for development and tests, it's recommended to use Caffeine cache in production.You can switch to using Caffeine cache, by adding it and org.springframework.cache.caffeine.CaffeineCacheManager to the classpath.
2024-10-21T20:11:15.017+05:30  INFO 7052 --- [UserService] [           main] o.s.c.n.eureka.InstanceInfoFactory       : Setting initial instance status as: STARTING
2024-10-21T20:11:15.063+05:30  INFO 7052 --- [UserService] [           main] com.netflix.discovery.DiscoveryClient    : Initializing Eureka in region us-east-1
2024-10-21T20:11:15.079+05:30  INFO 7052 --- [UserService] [           main] c.n.d.s.r.aws.ConfigClusterResolver      : Resolving eureka endpoints via configuration
2024-10-21T20:11:15.095+05:30  INFO 7052 --- [UserService] [           main] com.netflix.discovery.DiscoveryClient    : Disable delta property : false
2024-10-21T20:11:15.095+05:30  INFO 7052 --- [UserService] [           main] com.netflix.discovery.DiscoveryClient    : Single vip registry refresh property : null
2024-10-21T20:11:15.095+05:30  INFO 7052 --- [UserService] [           main] com.netflix.discovery.DiscoveryClient    : Force full registry fetch : false
2024-10-21T20:11:15.095+05:30  INFO 7052 --- [UserService] [           main] com.netflix.discovery.DiscoveryClient    : Application is null : false
2024-10-21T20:11:15.095+05:30  INFO 7052 --- [UserService] [           main] com.netflix.discovery.DiscoveryClient    : Registered Applications size is zero : true
2024-10-21T20:11:15.095+05:30  INFO 7052 --- [UserService] [           main] com.netflix.discovery.DiscoveryClient    : Application version is -1: true
2024-10-21T20:11:15.095+05:30  INFO 7052 --- [UserService] [           main] com.netflix.discovery.DiscoveryClient    : Getting all instance registry info from the eureka server
2024-10-21T20:11:15.689+05:30  INFO 7052 --- [UserService] [           main] com.netflix.discovery.DiscoveryClient    : The response status is 200
2024-10-21T20:11:15.689+05:30  INFO 7052 --- [UserService] [           main] com.netflix.discovery.DiscoveryClient    : Starting heartbeat executor: renew interval is: 30
2024-10-21T20:11:15.689+05:30  INFO 7052 --- [UserService] [           main] c.n.discovery.InstanceInfoReplicator     : InstanceInfoReplicator onDemand update allowed rate per min is 4
2024-10-21T20:11:15.689+05:30  INFO 7052 --- [UserService] [           main] com.netflix.discovery.DiscoveryClient    : Discovery Client initialized at timestamp 1729521675689 with initial instances count: 1
2024-10-21T20:11:15.704+05:30  INFO 7052 --- [UserService] [           main] o.s.c.n.e.s.EurekaServiceRegistry        : Registering application USERSERVICE with eureka with status UP
2024-10-21T20:11:15.704+05:30  INFO 7052 --- [UserService] [           main] com.netflix.discovery.DiscoveryClient    : Saw local status change event StatusChangeEvent [timestamp=1729521675704, current=UP, previous=STARTING]
2024-10-21T20:11:15.704+05:30  INFO 7052 --- [UserService] [foReplicator-%d] com.netflix.discovery.DiscoveryClient    : DiscoveryClient_USERSERVICE/localhost:UserService:8082: registering service...
2024-10-21T20:11:15.720+05:30  INFO 7052 --- [UserService] [           main] c.e.U.UserServiceApplicationTests        : Started UserServiceApplicationTests in 11.642 seconds (process running for 13.214)
2024-10-21T20:11:15.798+05:30  INFO 7052 --- [UserService] [foReplicator-%d] com.netflix.discovery.DiscoveryClient    : DiscoveryClient_USERSERVICE/localhost:UserService:8082 - registration status: 204
]]></system-out>
  </testcase>
</testsuite>