# JRE version: Java(TM) SE Runtime Environment (17.0.11+7) (build 17.0.11+7-LTS-207)
# Java VM: Java HotSpot(TM) 64-Bit Server VM (17.0.11+7-LTS-207, mixed mode, emulated-client, sharing, tiered, compressed oops, compressed class ptrs, g1 gc, windows-amd64)
GC Precious Log:
 CPUs: 8 total, 8 available
 Memory: 7959M
 Large Page Support: Disabled
 NUMA Support: Disabled
 Compressed Oops: Enabled (32-bit)
 Heap Region Size: 1M
 Heap Min Capacity: 8M
 Heap Initial Capacity: 126M
 Heap Max Capacity: 1990M
 Pre-touch: Disabled
 Parallel Workers: 8
 Concurrent Workers: 2
 Concurrent Refinement Workers: 8
 Periodic GC: Disabled
Heap:
 garbage-first heap   total 92160K, used 63915K [0x0000000083a00000, 0x0000000100000000)
  region size 1024K, 40 young (40960K), 5 survivors (5120K)
 Metaspace       used 62535K, committed 63040K, reserved 1114112K
  class space    used 9039K, committed 9280K, reserved 1048576K
GC Heap History (20 events):
Event: 1.216 GC heap before
{Heap before GC invocations=1 (full 0):
 garbage-first heap   total 129024K, used 35699K [0x0000000083a00000, 0x0000000100000000)
  region size 1024K, 29 young (29696K), 3 survivors (3072K)
 Metaspace       used 10161K, committed 10432K, reserved 1114112K
  class space    used 1372K, committed 1472K, reserved 1048576K
}
Event: 1.222 GC heap after
{Heap after GC invocations=2 (full 0):
 garbage-first heap   total 129024K, used 11427K [0x0000000083a00000, 0x0000000100000000)
  region size 1024K, 3 young (3072K), 3 survivors (3072K)
 Metaspace       used 10161K, committed 10432K, reserved 1114112K
  class space    used 1372K, committed 1472K, reserved 1048576K
}
Event: 2.190 GC heap before
{Heap before GC invocations=2 (full 0):
 garbage-first heap   total 129024K, used 79011K [0x0000000083a00000, 0x0000000100000000)
  region size 1024K, 70 young (71680K), 3 survivors (3072K)
 Metaspace       used 20190K, committed 20480K, reserved 1114112K
  class space    used 2806K, committed 2944K, reserved 1048576K
}
Event: 2.198 GC heap after
{Heap after GC invocations=3 (full 0):
 garbage-first heap   total 129024K, used 16236K [0x0000000083a00000, 0x0000000100000000)
  region size 1024K, 8 young (8192K), 8 survivors (8192K)
 Metaspace       used 20190K, committed 20480K, reserved 1114112K
  class space    used 2806K, committed 2944K, reserved 1048576K
}
Event: 2.363 GC heap before
{Heap before GC invocations=3 (full 0):
 garbage-first heap   total 129024K, used 25452K [0x0000000083a00000, 0x0000000100000000)
  region size 1024K, 18 young (18432K), 8 survivors (8192K)
 Metaspace       used 21235K, committed 21504K, reserved 1114112K
  class space    used 3001K, committed 3136K, reserved 1048576K
}
Event: 2.370 GC heap after
{Heap after GC invocations=4 (full 0):
 garbage-first heap   total 129024K, used 17052K [0x0000000083a00000, 0x0000000100000000)
  region size 1024K, 6 young (6144K), 6 survivors (6144K)
 Metaspace       used 21235K, committed 21504K, reserved 1114112K
  class space    used 3001K, committed 3136K, reserved 1048576K
}
Event: 2.912 GC heap before
{Heap before GC invocations=5 (full 0):
 garbage-first heap   total 61440K, used 47772K [0x0000000083a00000, 0x0000000100000000)
  region size 1024K, 37 young (37888K), 6 survivors (6144K)
 Metaspace       used 25928K, committed 26368K, reserved 1114112K
  class space    used 3731K, committed 3968K, reserved 1048576K
}
Event: 2.924 GC heap after
{Heap after GC invocations=6 (full 0):
 garbage-first heap   total 61440K, used 19692K [0x0000000083a00000, 0x0000000100000000)
  region size 1024K, 4 young (4096K), 4 survivors (4096K)
 Metaspace       used 25928K, committed 26368K, reserved 1114112K
  class space    used 3731K, committed 3968K, reserved 1048576K
}
Event: 3.313 GC heap before
{Heap before GC invocations=6 (full 0):
 garbage-first heap   total 61440K, used 45292K [0x0000000083a00000, 0x0000000100000000)
  region size 1024K, 28 young (28672K), 4 survivors (4096K)
 Metaspace       used 30118K, committed 30528K, reserved 1114112K
  class space    used 4289K, committed 4480K, reserved 1048576K
}
Event: 3.318 GC heap after
{Heap after GC invocations=7 (full 0):
 garbage-first heap   total 61440K, used 21582K [0x0000000083a00000, 0x0000000100000000)
  region size 1024K, 2 young (2048K), 2 survivors (2048K)
 Metaspace       used 30118K, committed 30528K, reserved 1114112K
  class space    used 4289K, committed 4480K, reserved 1048576K
}
Event: 3.692 GC heap before
{Heap before GC invocations=7 (full 0):
 garbage-first heap   total 61440K, used 43086K [0x0000000083a00000, 0x0000000100000000)
  region size 1024K, 25 young (25600K), 2 survivors (2048K)
 Metaspace       used 35552K, committed 35968K, reserved 1114112K
  class space    used 5175K, committed 5376K, reserved 1048576K
}
Event: 3.695 GC heap after
{Heap after GC invocations=8 (full 0):
 garbage-first heap   total 61440K, used 22796K [0x0000000083a00000, 0x0000000100000000)
  region size 1024K, 3 young (3072K), 3 survivors (3072K)
 Metaspace       used 35552K, committed 35968K, reserved 1114112K
  class space    used 5175K, committed 5376K, reserved 1048576K
}
Event: 4.291 GC heap before
{Heap before GC invocations=9 (full 0):
 garbage-first heap   total 61440K, used 45324K [0x0000000083a00000, 0x0000000100000000)
  region size 1024K, 26 young (26624K), 3 survivors (3072K)
 Metaspace       used 44805K, committed 45312K, reserved 1114112K
  class space    used 6361K, committed 6592K, reserved 1048576K
}
Event: 4.296 GC heap after
{Heap after GC invocations=10 (full 0):
 garbage-first heap   total 61440K, used 25030K [0x0000000083a00000, 0x0000000100000000)
  region size 1024K, 4 young (4096K), 4 survivors (4096K)
 Metaspace       used 44805K, committed 45312K, reserved 1114112K
  class space    used 6361K, committed 6592K, reserved 1048576K
}
Event: 4.321 GC heap before
{Heap before GC invocations=10 (full 0):
 garbage-first heap   total 61440K, used 26054K [0x0000000083a00000, 0x0000000100000000)
  region size 1024K, 5 young (5120K), 4 survivors (4096K)
 Metaspace       used 44961K, committed 45440K, reserved 1114112K
  class space    used 6382K, committed 6592K, reserved 1048576K
}
Event: 4.325 GC heap after
{Heap after GC invocations=11 (full 0):
 garbage-first heap   total 61440K, used 25032K [0x0000000083a00000, 0x0000000100000000)
  region size 1024K, 1 young (1024K), 1 survivors (1024K)
 Metaspace       used 44961K, committed 45440K, reserved 1114112K
  class space    used 6382K, committed 6592K, reserved 1048576K
}
Event: 4.964 GC heap before
{Heap before GC invocations=11 (full 0):
 garbage-first heap   total 61440K, used 47560K [0x0000000083a00000, 0x0000000100000000)
  region size 1024K, 23 young (23552K), 1 survivors (1024K)
 Metaspace       used 50969K, committed 51456K, reserved 1114112K
  class space    used 7251K, committed 7488K, reserved 1048576K
}
Event: 4.968 GC heap after
{Heap after GC invocations=12 (full 0):
 garbage-first heap   total 95232K, used 25740K [0x0000000083a00000, 0x0000000100000000)
  region size 1024K, 2 young (2048K), 2 survivors (2048K)
 Metaspace       used 50969K, committed 51456K, reserved 1114112K
  class space    used 7251K, committed 7488K, reserved 1048576K
}
Event: 6.526 GC heap before
{Heap before GC invocations=13 (full 0):
 garbage-first heap   total 92160K, used 72844K [0x0000000083a00000, 0x0000000100000000)
  region size 1024K, 49 young (50176K), 2 survivors (2048K)
 Metaspace       used 59249K, committed 59712K, reserved 1114112K
  class space    used 8558K, committed 8768K, reserved 1048576K
}
Event: 6.531 GC heap after
{Heap after GC invocations=14 (full 0):
 garbage-first heap   total 92160K, used 29099K [0x0000000083a00000, 0x0000000100000000)
  region size 1024K, 5 young (5120K), 5 survivors (5120K)
 Metaspace       used 59249K, committed 59712K, reserved 1114112K
  class space    used 8558K, committed 8768K, reserved 1048576K
}

