<?xml version="1.0" encoding="UTF-8"?>
<testsuite xmlns:xsi="http://www.w3.org/2001/XMLSchema-instance" xsi:noNamespaceSchemaLocation="https://maven.apache.org/surefire/maven-surefire-plugin/xsd/surefire-test-report-3.0.xsd" version="3.0" name="com.example.TestService.TestServiceApplicationTests" time="16.713" tests="1" errors="0" skipped="0" failures="0">
  <properties>
[...]
</properties>
  <testcase name="contextLoads" classname="com.example.TestService.TestServiceApplicationTests" time="1.038">
    <system-out><![CDATA[13:38:06.786 [main] INFO org.springframework.test.context.support.AnnotationConfigContextLoaderUtils -- Could not detect default configuration classes for test class [com.example.TestService.TestServiceApplicationTests]: TestServiceApplicationTests does not declare any static, non-private, non-final, nested classes annotated with @Configuration.
13:38:07.034 [main] INFO org.springframework.boot.test.context.SpringBootTestContextBootstrapper -- Found @SpringBootConfiguration com.example.TestService.TestServiceApplication for test class com.example.TestService.TestServiceApplicationTests

  .   ____          _            __ _ _
 /\\ / ___'_ __ _ _(_)_ __  __ _ \ \ \ \
( ( )\___ | '_ | '_| | '_ \/ _` | \ \ \ \
 \\/  ___)| |_)| | | | | || (_| |  ) ) ) )
  '  |____| .__|_| |_|_| |_\__, | / / / /
 =========|_|==============|___/=/_/_/_/

 :: Spring Boot ::                (v3.3.4)

2024-10-24T13:38:09.325+05:30  INFO 10652 --- [TestService] [           main] c.e.T.TestServiceApplicationTests        : Starting TestServiceApplicationTests using Java 17.0.11 with PID 10652 (started by srava in C:\Users\srava\Desktop\backend\PROJECT\TestService\TestService)
2024-10-24T13:38:09.325+05:30  INFO 10652 --- [TestService] [           main] c.e.T.TestServiceApplicationTests        : No active profile set, falling back to 1 default profile: "default"
2024-10-24T13:38:10.929+05:30  INFO 10652 --- [TestService] [           main] .s.d.r.c.RepositoryConfigurationDelegate : Bootstrapping Spring Data JPA repositories in DEFAULT mode.
2024-10-24T13:38:11.264+05:30  INFO 10652 --- [TestService] [           main] .s.d.r.c.RepositoryConfigurationDelegate : Finished Spring Data repository scanning in 307 ms. Found 1 JPA repository interface.
2024-10-24T13:38:11.806+05:30  INFO 10652 --- [TestService] [           main] o.s.cloud.context.scope.GenericScope     : BeanFactory id=fd247179-4bdc-3bd2-b116-c36da15b0e03
2024-10-24T13:38:12.149+05:30  WARN 10652 --- [TestService] [           main] trationDelegate$BeanPostProcessorChecker : Bean 'org.springframework.cloud.client.loadbalancer.LoadBalancerAutoConfiguration$DeferringLoadBalancerInterceptorConfig' of type [org.springframework.cloud.client.loadbalancer.LoadBalancerAutoConfiguration$DeferringLoadBalancerInterceptorConfig] is not eligible for getting processed by all BeanPostProcessors (for example: not eligible for auto-proxying). The currently created BeanPostProcessor [lbRestClientPostProcessor] is declared through a non-static factory method on that class; consider declaring it as static instead.
2024-10-24T13:38:12.149+05:30  WARN 10652 --- [TestService] [           main] trationDelegate$BeanPostProcessorChecker : Bean 'deferringLoadBalancerInterceptor' of type [org.springframework.cloud.client.loadbalancer.DeferringLoadBalancerInterceptor] is not eligible for getting processed by all BeanPostProcessors (for example: not eligible for auto-proxying). Is this bean getting eagerly injected into a currently created BeanPostProcessor [lbRestClientPostProcessor]? Check the corresponding BeanPostProcessor declaration and its dependencies.
2024-10-24T13:38:12.541+05:30  INFO 10652 --- [TestService] [           main] o.hibernate.jpa.internal.util.LogHelper  : HHH000204: Processing PersistenceUnitInfo [name: default]
2024-10-24T13:38:12.783+05:30  INFO 10652 --- [TestService] [           main] org.hibernate.Version                    : HHH000412: Hibernate ORM core version 6.5.3.Final
2024-10-24T13:38:12.903+05:30  INFO 10652 --- [TestService] [           main] o.h.c.internal.RegionFactoryInitiator    : HHH000026: Second-level cache disabled
2024-10-24T13:38:13.840+05:30  INFO 10652 --- [TestService] [           main] o.s.o.j.p.SpringPersistenceUnitInfo      : No LoadTimeWeaver setup: ignoring JPA class transformer
2024-10-24T13:38:13.919+05:30  INFO 10652 --- [TestService] [           main] com.zaxxer.hikari.HikariDataSource       : HikariPool-1 - Starting...
2024-10-24T13:38:14.550+05:30  INFO 10652 --- [TestService] [           main] com.zaxxer.hikari.pool.HikariPool        : HikariPool-1 - Added connection com.mysql.cj.jdbc.ConnectionImpl@6ca33187
2024-10-24T13:38:14.550+05:30  INFO 10652 --- [TestService] [           main] com.zaxxer.hikari.HikariDataSource       : HikariPool-1 - Start completed.
2024-10-24T13:38:16.366+05:30  INFO 10652 --- [TestService] [           main] o.h.e.t.j.p.i.JtaPlatformInitiator       : HHH000489: No JTA platform available (set 'hibernate.transaction.jta.platform' to enable JTA platform integration)
2024-10-24T13:38:16.444+05:30  INFO 10652 --- [TestService] [           main] j.LocalContainerEntityManagerFactoryBean : Initialized JPA EntityManagerFactory for persistence unit 'default'
2024-10-24T13:38:17.363+05:30  WARN 10652 --- [TestService] [           main] JpaBaseConfiguration$JpaWebConfiguration : spring.jpa.open-in-view is enabled by default. Therefore, database queries may be performed during view rendering. Explicitly configure spring.jpa.open-in-view to disable this warning
2024-10-24T13:38:19.752+05:30  INFO 10652 --- [TestService] [           main] o.s.cloud.commons.util.InetUtils         : Cannot determine local hostname
2024-10-24T13:38:21.058+05:30  INFO 10652 --- [TestService] [           main] o.s.cloud.commons.util.InetUtils         : Cannot determine local hostname
2024-10-24T13:38:21.090+05:30  INFO 10652 --- [TestService] [           main] DiscoveryClientOptionalArgsConfiguration : Eureka HTTP Client uses RestTemplate.
2024-10-24T13:38:21.197+05:30  WARN 10652 --- [TestService] [           main] iguration$LoadBalancerCaffeineWarnLogger : Spring Cloud LoadBalancer is currently working with the default cache. While this cache implementation is useful for development and tests, it's recommended to use Caffeine cache in production.You can switch to using Caffeine cache, by adding it and org.springframework.cache.caffeine.CaffeineCacheManager to the classpath.
2024-10-24T13:38:21.234+05:30  INFO 10652 --- [TestService] [           main] o.s.c.n.eureka.InstanceInfoFactory       : Setting initial instance status as: STARTING
2024-10-24T13:38:21.307+05:30  INFO 10652 --- [TestService] [           main] com.netflix.discovery.DiscoveryClient    : Initializing Eureka in region us-east-1
2024-10-24T13:38:21.311+05:30  INFO 10652 --- [TestService] [           main] c.n.d.s.r.aws.ConfigClusterResolver      : Resolving eureka endpoints via configuration
2024-10-24T13:38:21.336+05:30  INFO 10652 --- [TestService] [           main] com.netflix.discovery.DiscoveryClient    : Disable delta property : false
2024-10-24T13:38:21.336+05:30  INFO 10652 --- [TestService] [           main] com.netflix.discovery.DiscoveryClient    : Single vip registry refresh property : null
2024-10-24T13:38:21.336+05:30  INFO 10652 --- [TestService] [           main] com.netflix.discovery.DiscoveryClient    : Force full registry fetch : false
2024-10-24T13:38:21.339+05:30  INFO 10652 --- [TestService] [           main] com.netflix.discovery.DiscoveryClient    : Application is null : false
2024-10-24T13:38:21.339+05:30  INFO 10652 --- [TestService] [           main] com.netflix.discovery.DiscoveryClient    : Registered Applications size is zero : true
2024-10-24T13:38:21.339+05:30  INFO 10652 --- [TestService] [           main] com.netflix.discovery.DiscoveryClient    : Application version is -1: true
2024-10-24T13:38:21.340+05:30  INFO 10652 --- [TestService] [           main] com.netflix.discovery.DiscoveryClient    : Getting all instance registry info from the eureka server
2024-10-24T13:38:22.039+05:30  INFO 10652 --- [TestService] [           main] com.netflix.discovery.DiscoveryClient    : The response status is 200
2024-10-24T13:38:22.039+05:30  INFO 10652 --- [TestService] [           main] com.netflix.discovery.DiscoveryClient    : Starting heartbeat executor: renew interval is: 30
2024-10-24T13:38:22.039+05:30  INFO 10652 --- [TestService] [           main] c.n.discovery.InstanceInfoReplicator     : InstanceInfoReplicator onDemand update allowed rate per min is 4
2024-10-24T13:38:22.039+05:30  INFO 10652 --- [TestService] [           main] com.netflix.discovery.DiscoveryClient    : Discovery Client initialized at timestamp 1729757302039 with initial instances count: 3
2024-10-24T13:38:22.055+05:30  INFO 10652 --- [TestService] [           main] o.s.c.n.e.s.EurekaServiceRegistry        : Registering application TESTSERVICE with eureka with status UP
2024-10-24T13:38:22.055+05:30  INFO 10652 --- [TestService] [           main] com.netflix.discovery.DiscoveryClient    : Saw local status change event StatusChangeEvent [timestamp=1729757302055, current=UP, previous=STARTING]
2024-10-24T13:38:22.055+05:30  INFO 10652 --- [TestService] [foReplicator-%d] com.netflix.discovery.DiscoveryClient    : DiscoveryClient_TESTSERVICE/localhost:TestService:8083: registering service...
2024-10-24T13:38:22.073+05:30  INFO 10652 --- [TestService] [           main] c.e.T.TestServiceApplicationTests        : Started TestServiceApplicationTests in 14.623 seconds (process running for 16.787)
2024-10-24T13:38:22.171+05:30  INFO 10652 --- [TestService] [foReplicator-%d] com.netflix.discovery.DiscoveryClient    : DiscoveryClient_TESTSERVICE/localhost:TestService:8083 - registration status: 204
]]></system-out>
  </testcase>
</testsuite>